bal=0.000000000000000000 mnemonic="barely liberty ahead filter visit manual scrap dentist steel key lunch earn" addr=0xC069F60Ecd12833788EfAcD0d4F3813c8e13D0cE ETH priv=c3843eb1281745c1da938b754f37a1f0307ebad1f066052712f2312703ac113c
bal=0.000000000000000000 mnemonic="absent egg gesture skirt anchor sword tumble toy stumble gadget verify time" addr=0x0bcB366bB648f3302E13Dbeba98A332A01E79D09 ETH priv=3ce9501e09f525ed79260557980bbfc199968e3a8a2d0dcf00198600a7ba2b15
bal=0.000000000000000000 mnemonic="spot eye negative gold people river weapon plate kitten buyer hotel emerge" addr=0xA7A24b1feB53b92Dcc039236DDe13980378a054F ETH priv=9c0a124d2715a2414317d4b6a555c757e1394a593a58e604980f056f9c193e7b
bal=0.000000000000000000 mnemonic="crawl author company bird soon festival aim squirrel subway day head embody" addr=0x5c83250866571Fa371593b8bD4467a004e04aA57 ETH priv=a3b55f5d6640e06e77602db3503de1683b96d1ead0ae1f51a243bf541c046125
bal=0.000000000000000000 mnemonic="chest tube outdoor embrace panda unable report lobster unaware enable flower father" addr=0xa1150a3538DED0081e868428daA0C2fB64e5A780 ETH priv=40095f9e758b4f26767162e0392e853be816d140ffb96ce0a69aba06c36be150
bal=0.000000000000000000 mnemonic="essence shoot entire fun random village spare refuse rug circle fire verb" addr=0x60fC87Ed113F458F48Ca394A9ED3675de57350B6 ETH priv=161c01f147afde3c7d36a345bc249afba4309ff18aba1fdd61c005608739ea1f
bal=0.000000000000000000 mnemonic="frozen until control liberty coin champion crash juice edge emerge swarm clinic" addr=0x9210fDA118876Ef10290802c6d13a4b1e27bf960 ETH priv=a4c5d4b0683a80cbd3361f41699582f2a71cb51f67c7af21496f38527a0cb8c4
bal=0.000000000000000000 mnemonic="pilot subject input face reopen mammal heart shove bag month warfare advance" addr=0x183A9560fC4a176A27CfB4f1A9564CAf873dF0c4 ETH priv=887fb7de4f5487f3972ce8605227cd9751e508e0b6fa831bb3daeeed82629779
bal=0.000000000000000000 mnemonic="you mom smooth nasty library viable quality dizzy business bachelor lyrics blossom" addr=0xfBC35B70bd6Ccd545745f713B9CC32Aa59740cae ETH priv=d37cec8c0330a8b58126fdfa1477c0381e89509db30261f7aa4a287fe4bb3ad1
bal=0.000000000000000000 mnemonic="trap point deal grit wisdom improve upon safe february stem veteran design" addr=0x902B3a85823e98917944A1a14E3f98cE95A85fCF ETH priv=cd77ff395297db175d6c6182260dbdc2996dc79eac9739b1a66e0a82e8748726
bal=0.000000000000000000 mnemonic="trap opera vital battle army coin estate valid host indoor rebel scrub" addr=0x2cd6f57093438934D6B89Db0f89413f5db8bb209 ETH priv=b9f9261c0b6f47e5e904fb0245d9eb4a1f15d5cce2c19221bcd943b988354795
bal=0.000000000000000000 mnemonic="left exchange vessel antenna surge thrive okay budget transfer aunt shoulder kind" addr=0xF719b1edC209aeC3F55A9702c0912c4A8F5e7018 ETH priv=26898f08107ed91d863d0a82d25212fb02a804be7e637fc91e89212dc33e86ed
bal=0.000000000000000000 mnemonic="sister shove aware tissue brass book column muffin enough tongue gold sample" addr=0x0015f1535f5c9Cd9011afBBFd4a7Ef5FAb6ed964 ETH priv=33b521118156c133b4e792b6fd84b4c4f875e79589295b632a72ffcd033783df
bal=0.000000000000000000 mnemonic="raven glass install winter action venue say twelve all immense wise mirror" addr=0x4D25646f84c59a7f377aC564A663f7B217071bF5 ETH priv=6f63ae4154c69b5c38a26096e9f8dac81fad85c0075a1a0c7ce7b5492c9cf13b
bal=0.000000000000000000 mnemonic="wash tuna enhance silver genre pill choice bridge transfer foster strong usage" addr=0x402B1cdE66cd1A5e0f31bBC99592A5160EB14BB9 ETH priv=88a1ee818a96bf9433a7be3e112cc3ec009a89b36dc0a25dd860200b3e94ad69
bal=0.000000000000000000 mnemonic="hen camp offer rhythm cry coast cement crumble alter alcohol bread rigid" addr=0x69a9ceA3062dD5F39c8798EbaC6bbe3a35041259 ETH priv=016f7d425b84bf6d1ed49c9bcae67c1f3873e019c46b6ea51948c9c908555250
bal=0.000000000000000000 mnemonic="feed powder frown such inside amount ugly position crunch zone lens surprise" addr=0xD379eA74C5De9C0D29Df65F2dB1Ed890BD211AF4 ETH priv=94040591d886d1e12b3516a0c3b332f9dc9526bf375b268019b4cc7980450c36
bal=0.000000000000000000 mnemonic="intact random lunar bring garden under scene lobster exchange mirror plunge vibrant" addr=0xA7324C15CEE6F11bBCa323542AEc718550277dFC ETH priv=d7497537005ffcf752507901ab334fb95733bcd48defbe769259faeed7aa78db
bal=0.000000000000000000 mnemonic="unfair coconut one proud tell there general bundle analyst inflict drip riot" addr=0xEfeEe96Ad01B86cae2e9bE831Df430c52067ea05 ETH priv=13b53119e9083897bf502ab6a9a834085f373788d411d9da743aadf1f20405a6
bal=0.000000000000000000 mnemonic="polar lift sphere media bid alley father document eye hill valve vote" addr=0x55dFD8DA2f3b95bF6bef22154efd53d85C7c1c68 ETH priv=0da1757e589a73bda45ad6be8e48e08c7f414cf101290664285bbd8ba6445eff
bal=0.000000000000000000 mnemonic="ignore empower melt check wine hazard essence cook tooth south cinnamon slam" addr=0xCa5c3A278388F8967F3546eE9851a824bF8b0d04 ETH priv=396d3334df6a78df23f8a85a837518a88c84a2e4bcb0b7ed600adb33054e48d6
bal=0.000000000000000000 mnemonic="lobster little render wagon pair shove electric acquire wire face normal globe" addr=0xf079C41c0F7cB9A80AC05F274B1779dbf62965b9 ETH priv=2430f5a29794d89bd17a6c788013b2bf42a186b5b424dffdad556864d91c0cdb
bal=0.000000000000000000 mnemonic="just fortune reward salt card unhappy beach decorate cage cycle mixed cannon" addr=0x9787Fd996eb339788180fd25c5b5CaeeA0218637 ETH priv=74b98c91bcc083642cb169251dda4f3f7ee9d5d1144c8019ce05bb7ec1136873
bal=0.000000000000000000 mnemonic="opinion farm sheriff nurse rail bus length carry valley nut wall liberty" addr=0xf09A52092D5503Df47Fb97Cf3210A47e1dc89a6E ETH priv=c85308dbe3202ab5dabeb07cfdfd33dd84ef8f3d8335f113af6f55eacdf98329
bal=0.000000000000000000 mnemonic="organ sausage educate various stable nice pulse increase bamboo salt faint child" addr=0xD064F54322313426b0be9770067CA3034Fc63a4C ETH priv=e38d98bbdf7b03914f1babfa4cd852681bec7802a7e416b5556f8094cb8c4f04
bal=0.000000000000000000 mnemonic="bulb march license banana tag bread horn dwarf retreat comfort keep nut" addr=0x6319fd25DD4b10e4A3Ae515005eB4C0771335727 ETH priv=c01e626e8c74328df1e65b7f2b80adc9aad6d502fa236f951dc422bcc6edd043
bal=0.000000000000000000 mnemonic="enter endless canvas stomach giggle siren federal fitness smart track hazard normal" addr=0xfE0fb4ff481e8c68e0637a32163381A6487bb50B ETH priv=ed55d6368222732d6f3ceb545723a232db1834a1b9966acf7c05cd20ff18364b
mnemonic="wealth secret airport wolf abuse draw approve area bitter tomorrow donkey seven" ETH_addr=0xD9Be7D67fa24B9E0b13D145f95Fe6d87607a8cD3 ETH=0.00000000 BNB=0.00000000 BTC_addr=0320649702b21bb8391d690710fb80675c86e791639b19c25666e0550a88d7b8be BTC=0.000000 SOL_addr=HhVATZjk63YQHALnvNLzaYCHSaoTfp9vm8HquUVfysFC SOL=0.000000 priv=930730a2ae36c91b16e1b805e48580d8469cc56382e9a83ddc4073ea601b2899
mnemonic="front student enemy gentle strategy dog tag female second above resemble theme" ETH_addr=0x0cB950eD953Cd32275AF71C16a363C8705b7fDCd ETH=0.00000000 BNB=0.00000000 BTC_addr=026a3014f2ee90126dba9180f0ba3aa7b047923720930608d5a9222e61c0c82e6a BTC=0.000000 SOL_addr=DHbQjWqg6XYwDmyTYcD77rNSGePKfW1n9HaCSzNshTm8 SOL=0.000000 priv=7a9bbe045e004565507bf1facaefcaf403ee2b5569bb2ffc95948804fcab5e20
mnemonic="cushion fatal broken alley lyrics certain chalk sport simple about sail fun" ETH_addr=0xf265BF097264765c96c08f796A083beaD28a3A77 ETH=0.00000000 BNB=0.00000000 BTC_addr=028ea4da6eebf68512d797cc9832a941ab55911cba3b47069486af52d68cf20828 BTC=0.000000 SOL_addr=3eJicJ3gD15qXEXRhMLKsZ5triZUn2x18BNw4KkHupB6 SOL=0.000000 priv=83dd826d8f009b703e39d8b24fb1f48e3a144538e4e10d7d5e1ab86574fa9f6f
ETH=0.00000000 BTC=0.000000 BNB=0.00000000 SOL=0.000000 mnemonic="scan canal reduce harbor fatal lonely solar uncle know track wish canoe" priv=75e111ca93dadab624e4f8d647c8759ca57622869042b2f1299982f310102bd8
ETH=0.00000000 BTC=0.000000 BNB=0.00000000 SOL=0.000000 mnemonic="dash soap flush insect dinner night weekend egg wine charge rally clock" priv=26ef831d67265571aa159bfac1ffda964930bc183c03b52b638ea13583baa6fe
ETH=0.00000000 BTC=0.000000 BNB=0.00000000 SOL=0.000000 mnemonic="frequent way symbol stamp average turkey endorse park industry adapt produce cry" priv=e329fcd2145d116e7417f4c23d3c6ae0ca361cf9924990795d417332576120f4
ETH=0.00000000 BTC=0.000000 BNB=0.00000000 SOL=0.000000 mnemonic="menu grape attract recall cover cabbage live door six stand man emerge" priv=da219a7ead4d6289d10e94bfeb4c3490505c512a8592272050866e650432343b
ETH=0.00000000 BTC=0.000000 BNB=0.00000000 SOL=0.000000 mnemonic="tool crane scare group gallery artefact life sheriff board open frost ramp" priv=8cdb86c03f7cdcbc3fc333a68785fadbeb556cc469ed11a949e337497c002210
ETH=0.00000000 BTC=0.000000 BNB=0.00000000 SOL=0.000000 mnemonic="salmon quit cloth already swap quick sail organ behave omit scout fiction" priv=571cdf00eb5582bb8842b34242f1d1ea7fa21542048243651c7ef6c772086021
ETH=0.00000000 BTC=0.000000 BNB=0.00000000 SOL=0.000000 mnemonic="load someone vendor system broccoli reunion typical skate execute metal kitchen resource" priv=10491022b453368cf7f919770c49eb65e596a8f5ffeefe8fb4e2d1ec28387208
ETH=0.00000000 BTC=0.000000 BNB=0.00000000 SOL=0.000000 mnemonic="swift rule setup poem swim bullet cactus bird bronze sugar uncover diagram" priv=80f2a2978b9eaa59d7a3b04f32196c8c700032779589b86a045ec87d375fb0da
ETH=0.00000000 BTC=0.000000 BNB=0.00000000 SOL=0.000000 mnemonic="vintage machine whip claw better carbon field subway pistol raven blast sphere" priv=9c3e2e08ce44245533ff6ef4e66f973d177b7a398db54e95bedfb829c43dc058
ETH=0.00000000 BTC=0.000000 BNB=0.00000000 SOL=0.000000 mnemonic="tortoise diesel repeat enemy chunk rebel tribe rebuild stick hat physical patrol" priv=70cec7d487eee59959e4cec49979688df155e42a8d9e657b4c8941c0986512e3
ETH=0.00000000 BTC=0.000000 BNB=0.00000000 SOL=0.000000 mnemonic="setup develop sting false open income prefer spoil habit cliff pilot radio" priv=66342af0cb377b9bbd3a0074c2d6a40f484d146e09832bedebcafea48b9dcbbf
ETH=0.00000000 BTC=0.000000 BNB=0.00000000 SOL=0.000000 mnemonic="earn access exchange assault token knee tragic cage bless exotic spirit obey" priv=e1843dcdd9673539205579fbf11d0798fd4352a9e9358dca6ef9c86e127b7cf9
ETH=0.00000000 BTC=0.000000 BNB=0.00000000 SOL=0.000000 mnemonic="canvas crack mother jar resemble correct capital flame keep portion anxiety crowd" priv=60a42236ac9218dbf3e3f2d9a69808a96a4101fb7ff2106d99974e6dc0409c58
ETH=0.00000000 BTC=0.000000 BNB=0.00000000 SOL=0.000000 mnemonic="bounce tuna tiger city claw veteran peace warrior alien arch warm trend" priv=52fbf41c42198d2be4067937fbfec7730631b814a963397aec19f9a06cecfc98
ETH=0.00000000 BTC=0.000000 BNB=0.00000000 SOL=0.000000 mnemonic="private cram poverty never steak bubble feed february name obvious harsh frog" priv=862254600a4e462d82ffc139894916f09edf735a078299d34252ce431b83bb41
ETH=0.00000000 BTC=0.000000 BNB=0.00000000 SOL=0.000000 mnemonic="roast hurdle salmon settle vocal moral solid critic boat final orphan nurse" priv=041efd3bf30a1d213b3cae4c65da792d93f5df9ec712ca178016a146ce0eba00
ETH=0.00000000 BTC=0.000000 BNB=0.00000000 SOL=0.000000 mnemonic="kidney elephant drop pudding health shrimp about arm dizzy coach exclude ceiling" priv=0fc4e3c4585849b9e5eb5a3a599eabf67433a1dda1983707121a5eaffd044572
ETH=0.00000000 BTC=0.000000 BNB=0.00000000 SOL=0.000000 mnemonic="say fine weekend stairs clinic cattle beach angle trumpet shrug twist atom" priv=0d53ed310008faf2c2e3181f5e5ca0e6b255bba50bb2449a60ff0da37f3129e7
ETH=0.00000000 BTC=0.000000 BNB=0.00000000 SOL=0.000000 mnemonic="track debris excess flame rotate drum gentle grace pond blast end own" priv=050b8733f146d87e0b88119b88a2a43444c712dc1b7ef2c8303c847dc97bc0c2
ETH=0.00000000 BTC=0.000000 BNB=0.00000000 SOL=0.000000 mnemonic="toward forum dose target among milk rather turtle twice such enhance such" priv=50cdf000c5d0e83cb07fde90d1ff3a6c4e3c3ef7ceec73ac1c5cf7063c6a4003
ETH=0.00000000 BTC=0.000000 BNB=0.00000000 SOL=0.000000 mnemonic="dove cool nose fall slot outer glimpse exhibit park muffin smile north" priv=23163740cea77cc5d7d8668dc86b701addf965d39431c901bd04c2bf4ec8c7f6
ETH=0.00000000 BTC=0.000000 BNB=0.00000000 SOL=0.000000 mnemonic="blouse stuff clerk endorse cup pet endorse wagon perfect bronze cruise stumble" priv=47e8e4028d26b3c390c804accba85398bcf0110fbec53f293dadaff43cb0878e
ETH=0.00000000 BTC=0.000000 BNB=0.00000000 SOL=0.000000 mnemonic="pear claw burden debate renew lion rival ozone ancient mesh age hammer" priv=45fb30045d195f78f47f54c5b7bcffee24f5e552922fde82008fab1aa97badfb
ETH=0.00000000 BTC=0.000000 BNB=0.00000000 SOL=0.000000 mnemonic="sea grid hen credit inner fee exhaust bring nasty fabric hole predict" priv=8b9d9346b72954597df1bf4f91bbe6ad7fe59632421c43742ed522ea038bb813
ETH=0.00000000 BTC=0.000000 BNB=0.00000000 SOL=0.000000 mnemonic="age material stuff unfair range hand empty immense talent slight lens detail" priv=c784313661e50558449a45b2999b79e4b9fdb3345c3b5b801b5113a8c243f243
ETH=0.00000000 BTC=0.000000 BNB=0.00000000 SOL=0.000000 mnemonic="sketch attend garment emotion alcohol view clap diet hand elbow guilt cluster" priv=df8cc678025f5825dcff3bbf4cc7cfc7b89c4cd36c2b50c91d9e445ed7cbfe30
ETH=0.00000000 BTC=0.000000 BNB=0.00000000 SOL=0.000000 mnemonic="vivid across cactus swarm distance section course tissue fuel grit pond legend" priv=0dd13873691c3aa66d48371957929a9997f974df1dea1f9d3f53b4e5d885c3f1
ETH=0.00000000 BTC=0.000000 BNB=0.00000000 SOL=0.000000 mnemonic="strategy orbit cool rent plate guilt repair bomb cluster oven short bird" priv=fa6238ff8cba3d6a5b16641ac2c3c04254b93d8a3d2ad10d12e22083f5d371cf
ETH=0.00000000 BTC=0.000000 BNB=0.00000000 SOL=0.000000 mnemonic="amateur put receive kite original mixed shell shallow immune hand donor senior" priv=02eadc4568b74bad99ac5f626943e08a5203c95fb03a16abb66a851ec17919b0
ETH=0.00000000 BTC=0.000000 BNB=0.00000000 SOL=0.000000 mnemonic="will entry rule duty embrace minimum increase orphan riot wrong pond trust" priv=ecd1e71a558ea73026d90bc26718dff41f91e9aba0fd329fdfdceae1cfb8c90c
ETH=0.00000000 BTC=0.000000 BNB=0.00000000 SOL=0.000000 mnemonic="rug peasant drip muffin region metal abstract rather found never across express" priv=441532b0d077c3b575361cf38159630bec5186f5464e5456891623eeb9c5acc4
ETH=0.00000000 BTC=0.000000 BNB=0.00000000 SOL=0.000000 mnemonic="boss crazy this satisfy smoke volcano embrace sort blanket where ivory frost" priv=98de2fa858d291034aa0dbcede3d02846b4b02251a672e29f0c97b8d2d13a55b
ETH=0.00000000 BTC=0.000000 BNB=0.00000000 SOL=0.000000 mnemonic="soul grape plunge token help grow pilot clip lady neutral picture basket" priv=e86cf6bc9fabdeb1b7fa56245a4aa27dbea40624935a944520b12182739f6480
ETH=0.00000000 BTC=0.000000 BNB=0.00000000 SOL=0.000000 mnemonic="stable peace credit confirm buddy differ inner salmon image sunny hurt pig" priv=ac32b7a55d2872e618aef4ebbd077d2a92432a2d827cdb2574453b9843e42b8d
ETH=0.00000000 BTC=0.000000 BNB=0.00000000 SOL=0.000000 mnemonic="hat vacuum off helmet anxiety crime fiber bundle property chef defy frost" priv=05295da551bef35a4bd7251e7de86c02190a123e1eef1509391606947df5dad7
ETH=0.00000000 BTC=0.000000 BNB=0.00000000 SOL=0.000000 mnemonic="leaf betray garage delay useful doctor oven foster gadget run hub laptop" priv=91836e073b828b27d0481f295efca4e0cf165a24ccab69f7960ec90ac318f381
ETH=0.00000000 BTC=0.000000 BNB=0.00000000 SOL=0.000000 mnemonic="stable nut rescue wonder fish time argue math angle fault spatial buyer" priv=ac8b770dd65284dc929754bffb44c638f7bf92d0e3de08cb77f35f848daa9392
ETH=0.00000000 BTC=0.000000 BNB=0.00000000 SOL=0.000000 mnemonic="juice receive unfold child three open toss picnic edit lemon turkey school" priv=ac8a8a87db6558ebc9a59d713c97edac727c0a9aa126cf8197e11411002d3905
ETH=0.00000000 BTC=0.000000 BNB=0.00000000 SOL=0.000000 mnemonic="clerk emerge cable vessel lizard gospel album fan issue access comfort smile" priv=cdb82aad4054b40c5a8f6615714b79d46477ca79ed62f542596c694c981ba5eb
ETH=0.00000000 BTC=0.000000 BNB=0.00000000 SOL=0.000000 mnemonic="mango upgrade update gravity zoo nice inherit license steak congress sell main" priv=9b6b275df1de1e971bd297e77b83bab863d1a45ac2b8b2a9b49d5758471bd746
ETH=0.00000000 BTC=0.000000 BNB=0.00000000 SOL=0.000000 mnemonic="defy connect decide exchange agent pride gain peace museum leopard device company" priv=945761b486b793d0652cd3d25323c662515173e2688ca3178b3f486d34fb4130
ETH=0.00000000 BTC=0.000000 BNB=0.00000000 SOL=0.000000 mnemonic="feel seven private aisle egg nice reform upset festival general hedgehog push" priv=d1396d5d7a816454f2815c3ba3993c6c24c3fbf1b211b1f7bd097a17abf7f822
ETH=0.00000000 BTC=0.000000 BNB=0.00000000 SOL=0.000000 mnemonic="battle find shell fat elite similar logic boring chase disease genre rebuild" priv=6e5ade0d773b816c00bf3359af47df99a2a6b7698f6088cda2c1a3a0065c0ebd
ETH=0.00000000 BTC=0.000000 BNB=0.00000000 SOL=0.000000 mnemonic="fatal enhance decorate eight normal visa join evil smooth account since maid" priv=f8c56c47757082acc2d26377863eea4d26e53ad18d39eeb03d22877777f39513
ETH=0.00000000 BTC=0.000000 BNB=0.00000000 SOL=0.000000 mnemonic="scheme basket silent sunny earth pony hockey wood install orient spray pave" priv=3d9754d6d8112d1e652caa319871794e3fdb255825d93bbcfb627872b55b5959
ETH=0.00000000 BTC=0.000000 BNB=0.00000000 SOL=0.000000 mnemonic="bicycle proof waste grass news label today twist hurt believe buffalo hip" priv=b1754a34868f17dfdf1a2ae2fd9d8e3c243bd8aae634ee2665c3bca7952c6380
ETH=0.00000000 BTC=0.000000 BNB=0.00000000 SOL=0.000000 mnemonic="bracket scatter result theory alpha trim lemon weasel receive size path embrace" priv=21f62e0eadebfc20c07fa4451b421e5518017604c60fd438084ed02d2abba4da
ETH=0.00000000 BTC=0.000000 BNB=0.00000000 SOL=0.000000 mnemonic="antique muffin critic above victory tent bleak cliff blue ankle other brand" priv=03402bae669881501a1a53dbe70ae5a3e7472f718c7ed0a95ef3fc7c3a158ecd
ETH=0.00000000 BTC=0.000000 BNB=0.00000000 SOL=0.000000 mnemonic="try cradle logic skate tide security coach sausage exchange stay argue talent" priv=d11b350c0d4b5fede67727302bcd1c3100657b4eeacf3165bb73523ea86b04a3
ETH=0.00000000 BTC=0.000000 BNB=0.00000000 SOL=0.000000 mnemonic="device beach seed normal pole bacon alley scatter multiply family fetch pave" priv=d45125b079a9e4a5062170d75d63834c0302f33d86ebdaaf95e72b8827e68e98
ETH=0.00000000 BTC=0.000000 BNB=0.00000000 SOL=0.000000 mnemonic="immune still thrive boat fruit sail shy arena push device parade hobby" priv=5aec296f0c518bb180cdb22343630d934a56b21630d873cba318fdc69c8de980
ETH=0.00000000 BTC=0.000000 BNB=0.00000000 SOL=0.000000 mnemonic="soda dad cruel film bamboo thing work debris stereo early cat add" priv=ad68d7e199f1355b4861e01291ae5be4c4ec69fe831ede76fbc000d3584bca6e
ETH=0.00000000 BTC=0.000000 BNB=0.00000000 SOL=0.000000 mnemonic="dwarf attitude banner hawk baby sense march alcohol short dirt wheat aisle" priv=c5337f4faa70dbee5016b66a67894c7030ddb2756a3124eaa2565f135d73ba4d
ETH=0.00000000 BTC=0.000000 BNB=0.00000000 SOL=0.000000 mnemonic="decrease unlock alpha army brother violin cream spare right quantum floor sock" priv=b9d0823a7f84677158092652dd404c73734c48c17edb8b33a728e62c79423338
ETH=0.00000000 BTC=0.000000 BNB=0.00000000 SOL=0.000000 mnemonic="garment various grief gesture display expire tower grape fun fly seek cream" priv=09e31cbe54f09148156669d13907ea88d9aab3e7fe12ff6c856e221be259fee6
ETH=0.00000000 BTC=0.000000 BNB=0.00000000 SOL=0.000000 mnemonic="yellow chaos region broken ghost topple piano addict wise remove comic scene" priv=c6536f1285b31b7bd58edd75c945a438ae33355e355645fb4e8ffcb74c05f630
ETH=0.00000000 BTC=0.000000 BNB=0.00000000 SOL=0.000000 mnemonic="wrestle sample promote kid exact cigar moon witness defy team diagram fox" priv=abff52b61bb00c1391d6f1d9fa0ef7cb9f1ffc488ef184f793b53581423bdeaf
ETH=0.00000000 BTC=0.000000 BNB=0.00000000 SOL=0.000000 mnemonic="notable security rural walnut okay action doctor derive badge salt add ensure" priv=ee9a2a592a9138843d486456d568c60c8fa32b4dfa2806f98c1f6783dede5a39
ETH=0.00000000 BTC=0.000000 BNB=0.00000000 SOL=0.000000 mnemonic="code gospel like wreck try hungry box arctic connect hard snack clump" priv=f65daff52a6ea59a742546209a56de47256102d96cf63649d164b3ffb99554e7
ETH=0.00000000 BTC=0.000000 BNB=0.00000000 SOL=0.000000 mnemonic="early glory flame hundred tide cloth label express marble food goddess share" priv=eab370c3b97f5781f33430873368453d72d85e73a8152d71a31b0520f1977a97
ETH=0.00000000 BTC=0.000000 BNB=0.00000000 SOL=0.000000 mnemonic="clap fold above patrol mandate vanish globe fragile jealous evolve salon term" priv=ba34745f275cc14cb0fe0104120ce7613ad3e77a61f0efb4bb7ade6b904dc5d4
ETH=0.00000000 BTC=0.000000 BNB=0.00000000 SOL=0.000000 mnemonic="humor afraid peace provide pigeon vacuum hint rebuild elevator width aspect erode" priv=c70bfb076c580b758cb188821e205ae9675f0edc8304d98cfe5a21edaaef3bf8
ETH=0.00000000 BTC=0.000000 BNB=0.00000000 SOL=0.000000 mnemonic="satoshi wisdom month dream antique crisp rubber above victory place jazz regret" priv=f45bf18fc8e758c5ec59a4a04cce5f28fc468975966a93564f8da050ef172972
ETH=0.00000000 BTC=0.000000 BNB=0.00000000 SOL=0.000000 mnemonic="lucky inch document capable suggest sell coast chunk shoe talent apart witness" priv=7230a71429cc9821c9a6bf114c681dcac745cb535a41b05e46009af2f9f9ae0b
ETH=0.00000000 BTC=0.000000 BNB=0.00000000 SOL=0.000000 mnemonic="lift athlete install stable ticket close kingdom kingdom across nominee couch mandate" priv=621cccfbb306231bf1d409bf027db9ef843b7da4e6c37df4a86a5becfaa78f96
ETH=0.00000000 BTC=0.000000 BNB=0.00000000 SOL=0.000000 mnemonic="catch infant pizza lion lion flavor soda dream blossom behind barrel knock" priv=a88dd7a93d1051c42abb00916ef191816ae89b85896ff7bfdbc08a19f7252832
ETH=0.00000000 BTC=0.000000 BNB=0.00000000 SOL=0.000000 mnemonic="virtual truly evolve much direct gain dream figure rival reunion multiply beach" priv=204cc9c58e241f6aa95b2ac07a8bac0ca4a4431ffcb3368e48512b338ef0996d
ETH=0.00000000 BTC=0.000000 BNB=0.00000000 SOL=0.000000 mnemonic="rude happy biology gossip innocent age grocery oven dawn shift cause riot" priv=30592c60d0d1ad04b4744de4f37203c557e924c252df26c716fb2a8f0693f4a9
ETH=0.00000000 BTC=0.000000 BNB=0.00000000 SOL=0.000000 mnemonic="decline gorilla bundle grape thing spot quick frown clown edit way blouse" priv=e7940c29b9aedabee1d13b981575c1a38148bdb67bba00be8b90f740b5764861
ETH=0.00000000 BTC=0.000000 BNB=0.00000000 SOL=0.000000 mnemonic="castle cupboard kangaroo horse pyramid deposit hair omit arm review quote license" priv=72c22a53fb47ef4ed4eaa0e38a4c4391480ac046969bf3210493b3988d8c1476
ETH=0.00000000 BTC=0.000000 BNB=0.00000000 SOL=0.000000 mnemonic="gadget parrot must mansion lock skirt village success figure search early then" priv=ab1acbe4f07d026fd5c84b593e172a6823a8ea70571a495e1e86dd15717100d5
ETH=0.00000000 BTC=0.000000 BNB=0.00000000 SOL=0.000000 mnemonic="improve head affair lunch arch between print tuition leaf inherit special guide" priv=15cd71f8f93ae43e8071c504c2648ef72a3121e6d6f9d3cdd0601b6222f4b9ba
ETH=0.00000000 BTC=0.000000 BNB=0.00000000 SOL=0.000000 mnemonic="material loop run device angle grow obtain acoustic wood blanket wire kind" priv=61232a8fe71ed15430bfc2e34e033c778fd6e8bcf44eb0818a2c77257ef346b0
ETH=0.00000000 BTC=0.000000 BNB=0.00000000 SOL=0.000000 mnemonic="pitch dilemma goat horror copy monitor curtain tool desert wool tank crisp" priv=a0e33836284dd5f94dcc4d2d3435cf8deb9f8c41ca3bb858452df3a4938b4138
ETH=0.00000000 BTC=0.000000 BNB=0.00000000 SOL=0.000000 mnemonic="coach gather cancel discover document link sponsor attitude evolve extra ignore tobacco" priv=f3da5cf3039ff1b51f25339f7273731dc05f013426638492b5696308b65788b1
ETH=0.00000000 BTC=0.000000 BNB=0.00000000 SOL=0.000000 mnemonic="crumble ramp deal truly frown famous coil myself body include bag travel" priv=f94319ee8062807b5d8e6765de8cf2fcad861c29f96b3f70a04b4b0d95844900
ETH=0.00000000 BTC=0.000000 BNB=0.00000000 SOL=0.000000 mnemonic="lunch segment spike bright wrap please arena man slam vintage island auto" priv=7cc68787bdf6ac656d1daa90914e8ca273544e97ad26c5bb895f6b223d4d2145
ETH=0.00000000 BTC=0.000000 BNB=0.00000000 SOL=0.000000 mnemonic="device cute ceiling grit prepare fan pass absent run wait tent copper" priv=2691dd182fe1e051a809e9e5a92a8f463b36b20ae861a8c4503ecd0cb2c0c7f1
ETH=0.00000000 BTC=0.000000 BNB=0.00000000 SOL=0.000000 mnemonic="vacant hockey couple claw custom height whale bubble notable panel brand name" priv=3885b2a85bc4040d0cb03903dee53e551e549a77d62032c9d645bffdc6e44a06
ETH=0.00000000 BTC=0.000000 BNB=0.00000000 SOL=0.000000 mnemonic="task fault hedgehog verb drive rain castle loop scissors east craft initial" priv=5ea68cc06a6b7b2a932db29c7cac4835eeaaeaac906d6cc936eabbdbeae0496b
ETH=0.00000000 BTC=0.000000 BNB=0.00000000 SOL=0.000000 mnemonic="allow rally clean spread blood industry extra mail dice awkward maze start" priv=78c022e4ebc0dc26bd4d9113532c17e0492e8a3789c9ea3b586dee0b553f0c0e
ETH=0.00000000 BTC=0.000000 BNB=0.00000000 SOL=0.000000 mnemonic="buzz cliff water diary push bean universe ozone tent dream legal success" priv=5badbe567dc8ac11077d82bc83138ee0a66ed2a44140cf69f580985e9b5ea0fe
ETH=0.00000000 BTC=0.000000 BNB=0.00000000 SOL=0.000000 mnemonic="amount involve warrior subject year heavy potato actual cereal street burden rug" priv=dc7ea0ec347220df19bea57d34dbe41564a66e9e1cd77e8942abfdf111be6140
ETH=0.00000000 BTC=0.000000 BNB=0.00000000 SOL=0.000000 mnemonic="east gallery holiday false accident shell need census cricket bring dial season" priv=30218a620a25aff7a78ae208fc5e17749708f3199004ea265c5e43390f5b67f7
ETH=0.00000000 BTC=0.000000 BNB=0.00000000 SOL=0.000000 mnemonic="improve carbon bag tell fitness misery harvest turtle used little cool where" priv=d2eee10be9611ecb61d5f0f44549da16bfb415637893da05498457bac50ee3f2
ETH=0.00000000 BTC=0.000000 BNB=0.00000000 SOL=0.000000 mnemonic="loyal oblige awake race become gloom first ride vocal meat fame protect" priv=3b8a2a99ea29976c4004fcaa67cc5d0e799db8491c492da81b9401100cd14967
ETH=0.00000000 BTC=0.000000 BNB=0.00000000 SOL=0.000000 mnemonic="letter amount number cloth element camp alarm ability credit correct gun pipe" priv=cd02695e172d33622dc8850724630f584440a395521b4a119d590dcfc491083e
ETH=0.00000000 BTC=0.000000 BNB=0.00000000 SOL=0.000000 mnemonic="lend soccer frame bronze hello deal exile protect blur nerve govern total" priv=cad0bcd8a636c10f22e759b8a3e473898ef1a85d4160e66ab954092238b4ed95
ETH=0.00000000 BTC=0.000000 BNB=0.00000000 SOL=0.000000 mnemonic="human rally fit giraffe orchard lock humor coral busy copper similar orange" priv=1aa9c6913440eb8f55ad766cced3c31566785af285b5d87e4bdd13314f0ae7c1
ETH=0.00000000 BTC=0.000000 BNB=0.00000000 SOL=0.000000 mnemonic="doll practice believe foster blade truth burden imitate jungle eye pizza brisk" priv=f0975f61d14e07cd61a9e5221dba4f4f102b4351df044e607db0886d739644bc
ETH=0.00000000 BTC=0.000000 BNB=0.00000000 SOL=0.000000 mnemonic="creek shop opinion heart fiction pencil initial section robust inherit chef fashion" priv=5e26eb56520555713aab6bcf6a7ff5abb27811a7e730df859b8ef233d6c070a1
ETH=0.00000000 BTC=0.000000 BNB=0.00000000 SOL=0.000000 mnemonic="domain alpha enjoy memory bargain develop forest toss brass lab gravity still" priv=19f79616a32effb87fafbcc617c81e0515350338348c3594ab5fdf2386f72e44
ETH=0.00000000 BTC=0.000000 BNB=0.00000000 SOL=0.000000 mnemonic="famous census blush almost citizen dream same venture balance cake student pitch" priv=2464bf04e1c2bb45ef7a63145261898cc816492b050e9ab922cbcb0254844a5f
ETH=0.00000000 BTC=0.000000 BNB=0.00000000 SOL=0.000000 mnemonic="combine tongue menu million okay comic grow tree chase course favorite warm" priv=f45caf8cd1db9464dab4bb3ac785a2c25d5218c113c6aa8492a23c537e05e1a1
ETH=0.00000000 BTC=0.000000 BNB=0.00000000 SOL=0.000000 mnemonic="best board onion major fee aerobic tomorrow endless general net seat episode" priv=39fa1dd66f49c706b9063b7a98f01500c4a78db1b8ab9de1eac8286958429f63
ETH=0.00000000 BTC=0.000000 BNB=0.00000000 SOL=0.000000 mnemonic="spirit snake amused increase arrest hair shallow trim come bacon object worth" priv=9246f6b4af120d546b20180943a31d1cc6c1a3fc3bdbf07ddf775e9841880b5a
ETH=0.00000000 BTC=0.000000 BNB=0.00000000 SOL=0.000000 mnemonic="puppy glow silly mobile mistake refuse arm mouse visa joke evidence derive" priv=30b5b46c9f236312f80a05decef96eec1ec5d502b776c53480b4883591375b94
ETH=0.00000000 BTC=0.000000 BNB=0.00000000 SOL=0.000000 mnemonic="stamp feel author obscure penalty ribbon chest situate depth oven embrace slide" priv=b6c5bc9a50e7cd81dc1246886d48e3d26d4ffcfe2923a587f644569f6922ba64
